Build started 3/10/2020 7:50:28 PM.
     1>Project "C:\Users\Ahmed Nabil\Documents\Visual Studio 2013\Projects\sortingAlgorithms\sortingAlgorithms\sortingAlgorithms.vcxproj" on node 2 (Build target(s)).
     1>C:\Program Files (x86)\MSBuild\Microsoft.Cpp\v4.0\V120\Microsoft.CppBuild.targets(381,5): warning MSB8028: The intermediate directory (Debug\) contains files shared from another project (sortingAlgorithms.vcxproj).  This can lead to incorrect clean and rebuild behavior.
     1>ClCompile:
         C:\Program Files (x86)\Microsoft Visual Studio 12.0\VC\bin\CL.exe /c /ZI /nologo /W3 /WX- /sdl /Od /Oy- /D WIN32 /D _DEBUG /D _CONSOLE /D _LIB /D _UNICODE /D UNICODE /Gm /EHsc /RTC1 /MDd /GS /fp:precise /Zc:wchar_t /Zc:forScope /Fo"Debug\\" /Fd"Debug\vc120.pdb" /Gd /TP /analyze- /errorReport:prompt Source.cpp
         Source.cpp
     1>c:\users\ahmed nabil\documents\visual studio 2013\projects\sortingalgorithms\sortingalgorithms\source.cpp(30): warning C4018: '<' : signed/unsigned mismatch
     1>c:\users\ahmed nabil\documents\visual studio 2013\projects\sortingalgorithms\sortingalgorithms\source.cpp(43): warning C4018: '<' : signed/unsigned mismatch
     1>c:\users\ahmed nabil\documents\visual studio 2013\projects\sortingalgorithms\sortingalgorithms\source.cpp(45): warning C4018: '<' : signed/unsigned mismatch
     1>c:\users\ahmed nabil\documents\visual studio 2013\projects\sortingalgorithms\sortingalgorithms\source.cpp(57): warning C4018: '<' : signed/unsigned mismatch
     1>c:\users\ahmed nabil\documents\visual studio 2013\projects\sortingalgorithms\sortingalgorithms\source.cpp(74): warning C4018: '<' : signed/unsigned mismatch
     1>c:\users\ahmed nabil\documents\visual studio 2013\projects\sortingalgorithms\sortingalgorithms\source.cpp(79): warning C4018: '<' : signed/unsigned mismatch
     1>c:\users\ahmed nabil\documents\visual studio 2013\projects\sortingalgorithms\sortingalgorithms\source.cpp(80): warning C4018: '<' : signed/unsigned mismatch
     1>c:\users\ahmed nabil\documents\visual studio 2013\projects\sortingalgorithms\sortingalgorithms\source.cpp(89): warning C4018: '<=' : signed/unsigned mismatch
     1>c:\users\ahmed nabil\documents\visual studio 2013\projects\sortingalgorithms\sortingalgorithms\source.cpp(90): warning C4018: '<' : signed/unsigned mismatch
     1>c:\users\ahmed nabil\documents\visual studio 2013\projects\sortingalgorithms\sortingalgorithms\source.cpp(131): warning C4018: '<' : signed/unsigned mismatch
     1>c:\users\ahmed nabil\documents\visual studio 2013\projects\sortingalgorithms\sortingalgorithms\source.cpp(136): warning C4018: '<' : signed/unsigned mismatch
       Link:
         C:\Program Files (x86)\Microsoft Visual Studio 12.0\VC\bin\link.exe /ERRORREPORT:PROMPT /OUT:"C:\Users\Ahmed Nabil\Documents\Visual Studio 2013\Projects\sortingAlgorithms\Debug\sortingSearchingAlgorithms.exe" /INCREMENTAL /NOLOGO kernel32.lib user32.lib gdi32.lib winspool.lib comdlg32.lib advapi32.lib shell32.lib ole32.lib oleaut32.lib uuid.lib odbc32.lib odbccp32.lib /MANIFEST /MANIFESTUAC:"level='asInvoker' uiAccess='false'" /manifest:embed /DEBUG /PDB:"C:\Users\Ahmed Nabil\Documents\Visual Studio 2013\Projects\sortingAlgorithms\Debug\sortingSearchingAlgorithms.pdb" /SUBSYSTEM:CONSOLE /TLBID:1 /DYNAMICBASE /NXCOMPAT /IMPLIB:"C:\Users\Ahmed Nabil\Documents\Visual Studio 2013\Projects\sortingAlgorithms\Debug\sortingSearchingAlgorithms.lib" /MACHINE:X86 Debug\Source.obj
         sortingAlgorithms.vcxproj -> C:\Users\Ahmed Nabil\Documents\Visual Studio 2013\Projects\sortingAlgorithms\Debug\sortingSearchingAlgorithms.exe
     1>Done Building Project "C:\Users\Ahmed Nabil\Documents\Visual Studio 2013\Projects\sortingAlgorithms\sortingAlgorithms\sortingAlgorithms.vcxproj" (Build target(s)).

Build succeeded.

Time Elapsed 00:00:00.77
